<?xml version="1.0" encoding="UTF-8"?>
<!-- Generated by org.testng.reporters.JUnitReportReporter -->
<testsuite hostname="Nikhil-PC" failures="0" tests="2" name="com.getRequest.GetData" time="7.887" errors="0" timestamp="15 Nov 2022 13:02:07 GMT" skipped="0">
  <testcase classname="com.getRequest.GetData" name="testResponceCode" time="1.478"/>
  <testcase classname="com.getRequest.GetData" name="testBody" time="6.409"/>
</testsuite> <!-- com.getRequest.GetData -->
