<?xml version="1.0" encoding="UTF-8"?>
<!-- Generated by org.testng.reporters.JUnitReportReporter -->
<testsuite hostname="Nikhil-PC" failures="0" tests="2" name="com.getRequest.GetData" time="8.756" errors="0" timestamp="18 Nov 2022 06:22:04 GMT" skipped="0">
  <testcase classname="com.getRequest.GetData" name="testResponceCode" time="0.742"/>
  <testcase classname="com.getRequest.GetData" name="testBody" time="8.014"/>
</testsuite> <!-- com.getRequest.GetData -->
